• sandre                     6.8  Sandre (Sander lucioperca).jpg
• brochet                    6.8  Esox lucius - Brochet - Northern pike.jpg
• perche                     6.8  Egli (Perca fluviatilis) 001.jpg
• black-bass                 6.8  Largemouth Bass (Micropterus salmoides) (53118577249) (cropped).jpg
• silure                     6.8  Silurus glanis head detail.jpg
• gremille                   6.8  Gymnocephalus cernuus Pärnu River Estonia 2010-01-06.jpg
• carpe                      6.8  Slagharen - Karper (Cyprinus carpio).jpg
• gardon                     6.8  Common tern (Sterna hirundo) with common roach (Rutilus rutilus) Haff Reimech.jpg
• barbeau                    6.8  Barbus barbus img 33502.jpg
• carassin                   6.6  Carassius wild golden fish 2013 G1.jpg
• rotengle                   6.8  2017-07-02 AT Wien 13 Hietzing, Tiergarten Schönbrunn, Scardinius erythrophthalmus (49897346508).jpg
• truite-fario               6.8  Brown trout Salmo trutta lacustris fingerlings (4827643382).jpg
• truite-arc-en-ciel         6.8  Rainbow Trout (Oncorhynchus mykiss).jpg
• perche-soleil              6.8  Lepomis gibbosus 02.jpg
• poisson-chat               6.6  Hal - Ameiurus melas - 1.jpg
• breme                      6.7  Abramis brama - Swim bladder B 2010-09-24 HBP.jpg
• tanche                     6.8  Tinca tinca Natural History Museum University of Pisa.jpg
• ablette                    6.8  Common Bleak - Alburnus alburnus (43906949195).jpg
• chevesne                   6.8  Oniria - Squalius cephalus 03.jpg
• hotu                       5.5  Flossen (Chondrostoma nasus).jpg
• goujon                     6.8  Gobio (Lubricogobius exiguus), Anilao, Filipinas, 2023-08-23, DD 174.jpg
• ombre                      6.7  Thymallus thymallus2.jpg
• omble-fontaine             6.8  Brook Trout, Salvelinus fontinalis Americanfoodgam00jord 0012.jpg
• anguille                   6.8  Anguilla-1905.jpg
• vandoise                   6.6  Mladica kleniča (Leuciscus leuciscus).jpg
• breme-bordeliere           6.7  Blicca bjoerkna underwater.jpg
• spirlin                    6.8  Alburnoides bipunctatus.jpg
• able-de-heckel             6.6  Leucaspius delineatus Prague Vltava 1.jpg
• ide-melanote               6.6  Jaź (Leuciscus idus).jpg
• blageon                    5.2  Unsere Süßwasserfische (Tafel 46) (6102605969).jpg
• toxostome                  6.0  Parachondrostoma toxostoma 1.jpg
• barbeau-meridional         6.3  Barbus meridionalis.png
• carassin-argente           6.8  Carassius gibelio 2008 G1 (cropped).jpg
• poisson-rouge              6.8  Carassius auratus auratus (goldfish) 2.jpg
• amour-blanc                6.8  Ctenopharyngodon idella - Murg IMGP0837.JPG
• pseudorasbora              6.8  Pseudorasbora parva(Hamamatsu,Shizuoka,Japan).jpg
• vairon                     6.8  Phoxinus phoxinus in the jar.jpg
• omble-chevalier            6.8  Schwarzreiter Schwarzreuter Salvelinus alpinus.JPG
• cristivomer                6.8  Adirondack Museum - Salvelinus namaycush - 3.jpg
• saumon-atlantique          6.8  Salmo salar juvenile.jpg
• coregone-lavaret           6.7  Coregonus lavaretus (L.).jpg
• huchon                     6.8  Hucho perryi.JPG
? truite-de-mer: pas de nom latin trouvé — ignoré
• brochet-aquitain           5.5  Esox lucius Prague Vltava 2.jpg
• black-bass-petite-bouche   6.8  Smallmouth Bass (Micropterus dolomieu).jpg
• aspe                       5.9  Leuciscus aspius juvenile.jpg
• grande-alose               6.7  Clupeidae - Alosa elongata.JPG
• alose-feinte-atlantique    6.6  Alosa fallax (head).jpg
• lamproie-marine            6.3  Sea lamprey petromyzon marinus.jpg
• lamproie-de-planer         6.6  Brook Lampreys nesting - Lampetra planeri 3.jpg
• esturgeon-europeen         6.8  Plock Masovian Museum 2019 P04 Acipenser sturio catched in Vistule near Plock in 1934.jpg
• mulet-porc                 5.4  Chelon ramada Italy.jpg
• flet                       6.8  Platichthys flesus Vääna-Jõesuu in Estonia.jpg
• epinoche                   6.8  Gasterosteus aculeatus - 50737277588.jpg
• epinochette                5.9  Pungitius laevis 439816653.jpg
• loche-franche              6.8  Barbatula barbatula Gifu2 (cropped).jpg
• loche-de-riviere           6.0  Cobitis taenia 57846298.jpg
• chabot-commun              6.6  Untere Argen-Groppe (Cottus gobio).jpg
• apron-du-rhone             6.7  Zingel asper Levrault.jpg
• bouviere                   5.9  RhodeusSericeusAmarus.JPG
• gambusie                   5.7  Gambusia holbrooki - SERC.jpg

Écrit scripts/species-proposals.json — 60 espèces, 56 avec un candidat différent.
